-outxml
-source
1.6
-target
1.6
-classpath
C:\Users\Mayur\.m2\repository\aopalliance\aopalliance\1.0\aopalliance-1.0.jar;C:\Users\Mayur\.m2\repository\javassist\javassist\3.12.1.GA\javassist-3.12.1.GA.jar;C:\Users\Mayur\.m2\repository\javax\inject\javax.inject\1\javax.inject-1.jar;C:\Users\Mayur\.m2\repository\javax\persistence\persistence-api\1.0.2\persistence-api-1.0.2.jar;C:\Users\Mayur\.m2\repository\javax\servlet\jstl\1.2\jstl-1.2.jar;C:\Users\Mayur\.m2\repository\javax\servlet\servlet-api\2.5\servlet-api-2.5.jar;C:\Users\Mayur\.m2\repository\javax\servlet\jsp\jsp-api\2.1\jsp-api-2.1.jar;C:\Users\Mayur\.m2\repository\junit\junit\4.7\junit-4.7.jar;C:\Users\Mayur\.m2\repository\log4j\log4j\1.2.15\log4j-1.2.15.jar;C:\Users\Mayur\.m2\repository\mysql\mysql-connector-java\5.1.10\mysql-connector-java-5.1.10.jar;C:\Users\Mayur\.m2\repository\org\aspectj\aspectjrt\1.6.9\aspectjrt-1.6.9.jar;C:\Users\Mayur\.m2\repository\org\hibernate\common\hibernate-commons-annotations\5.0.1.Final\hibernate-commons-annotations-5.0.1.Final.jar;C:\Users\Mayur\.m2\repository\org\hibernate\javax\persistence\hibernate-jpa-2.0-api\1.0.1.Final\hibernate-jpa-2.0-api-1.0.1.Final.jar;C:\Users\Mayur\.m2\repository\org\jboss\logging\jboss-logging\3.3.0.Final\jboss-logging-3.3.0.Final.jar;C:\Users\Mayur\.m2\repository\org\slf4j\jcl-over-slf4j\1.5.10\jcl-over-slf4j-1.5.10.jar;C:\Users\Mayur\.m2\repository\org\slf4j\slf4j-api\1.5.10\slf4j-api-1.5.10.jar;C:\Users\Mayur\.m2\repository\org\slf4j\slf4j-log4j12\1.5.10\slf4j-log4j12-1.5.10.jar;C:\Users\Mayur\.m2\repository\org\springframework\spring-aop\3.0.4.RELEASE\spring-aop-3.0.4.RELEASE.jar;C:\Users\Mayur\.m2\repository\org\springframework\spring-asm\3.0.4.RELEASE\spring-asm-3.0.4.RELEASE.jar;C:\Users\Mayur\.m2\repository\org\springframework\spring-beans\3.0.4.RELEASE\spring-beans-3.0.4.RELEASE.jar;C:\Users\Mayur\.m2\repository\org\springframework\spring-context\3.0.4.RELEASE\spring-context-3.0.4.RELEASE.jar;C:\Users\Mayur\.m2\repository\org\springframework\spring-context-support\3.0.4.RELEASE\spring-context-support-3.0.4.RELEASE.jar;C:\Users\Mayur\.m2\repository\org\springframework\spring-core\3.0.4.RELEASE\spring-core-3.0.4.RELEASE.jar;C:\Users\Mayur\.m2\repository\org\springframework\spring-expression\3.0.4.RELEASE\spring-expression-3.0.4.RELEASE.jar;C:\Users\Mayur\.m2\repository\org\springframework\spring-web\3.0.4.RELEASE\spring-web-3.0.4.RELEASE.jar;C:\Users\Mayur\.m2\repository\org\springframework\spring-webmvc\3.0.4.RELEASE\spring-webmvc-3.0.4.RELEASE.jar;C:\Users\Mayur\.m2\repository\org\springframework\roo\org.springframework.roo.annotations\1.0.2.RELEASE\org.springframework.roo.annotations-1.0.2.RELEASE.jar;C:\Users\Mayur\workspace\Ghost\target\classes
-d
C:\Users\Mayur\workspace\Ghost\target\classes
C:\Users\Mayur\workspace\Ghost\src\main\java\com\neu\ghost\controller\AddJobController.java
C:\Users\Mayur\workspace\Ghost\src\main\java\com\neu\ghost\controller\AddApplicantController.java
C:\Users\Mayur\workspace\Ghost\src\main\java\com\neu\ghost\controller\AddEmployerController.java
C:\Users\Mayur\workspace\Ghost\src\main\java\com\neu\ghost\DAO\EmployerDAO.java
C:\Users\Mayur\workspace\Ghost\src\main\java\com\neu\ghost\pojo\User.java
C:\Users\Mayur\workspace\Ghost\src\main\java\com\neu\ghost\pojo\Person.java
C:\Users\Mayur\workspace\Ghost\src\main\java\com\neu\ghost\pojo\Applicant.java
C:\Users\Mayur\workspace\Ghost\src\main\java\com\neu\ghost\controller\UserValidator.java
C:\Users\Mayur\workspace\Ghost\src\main\java\com\neu\ghost\DAO\DAO.java
C:\Users\Mayur\workspace\Ghost\src\main\java\com\neu\ghost\pojo\Email.java
C:\Users\Mayur\workspace\Ghost\src\main\java\com\neu\ghost\DAO\JobDAO.java
C:\Users\Mayur\workspace\Ghost\src\main\java\com\neu\ghost\controller\IndexController.java
C:\Users\Mayur\workspace\Ghost\src\main\java\com\neu\ghost\exception\AdException.java
C:\Users\Mayur\workspace\Ghost\src\main\java\com\neu\ghost\HomeController.java
C:\Users\Mayur\workspace\Ghost\src\main\java\com\neu\ghost\DAO\ApplicantDAO.java
C:\Users\Mayur\workspace\Ghost\src\main\java\com\neu\ghost\pojo\Employer.java
C:\Users\Mayur\workspace\Ghost\src\main\java\com\neu\ghost\pojo\Job.java
